c:\users\thebe\onedrive\documenti\visual studio 2022\projects\openglsetting\openglsetting\release\vc143.pdb
c:\users\thebe\onedrive\documenti\visual studio 2022\projects\openglsetting\openglsetting\release\windowgl.obj
c:\users\thebe\onedrive\documenti\visual studio 2022\projects\openglsetting\openglsetting\release\texture.obj
c:\users\thebe\onedrive\documenti\visual studio 2022\projects\openglsetting\openglsetting\release\spotlight.obj
c:\users\thebe\onedrive\documenti\visual studio 2022\projects\openglsetting\openglsetting\release\skybox.obj
c:\users\thebe\onedrive\documenti\visual studio 2022\projects\openglsetting\openglsetting\release\shadowmap.obj
c:\users\thebe\onedrive\documenti\visual studio 2022\projects\openglsetting\openglsetting\release\material.obj
c:\users\thebe\onedrive\documenti\visual studio 2022\projects\openglsetting\openglsetting\release\shader.obj
c:\users\thebe\onedrive\documenti\visual studio 2022\projects\openglsetting\openglsetting\release\pointlight.obj
c:\users\thebe\onedrive\documenti\visual studio 2022\projects\openglsetting\openglsetting\release\omnishadowmap.obj
c:\users\thebe\onedrive\documenti\visual studio 2022\projects\openglsetting\openglsetting\release\model.obj
c:\users\thebe\onedrive\documenti\visual studio 2022\projects\openglsetting\openglsetting\release\mesh.obj
c:\users\thebe\onedrive\documenti\visual studio 2022\projects\openglsetting\openglsetting\release\main.obj
c:\users\thebe\onedrive\documenti\visual studio 2022\projects\openglsetting\openglsetting\release\light.obj
c:\users\thebe\onedrive\documenti\visual studio 2022\projects\openglsetting\openglsetting\release\directional.obj
c:\users\thebe\onedrive\documenti\visual studio 2022\projects\openglsetting\openglsetting\release\camera.obj
c:\users\thebe\onedrive\documenti\visual studio 2022\projects\openglsetting\release\openglsetting.exe
c:\users\thebe\onedrive\documenti\visual studio 2022\projects\openglsetting\release\openglsetting.pdb
c:\users\thebe\onedrive\documenti\visual studio 2022\projects\openglsetting\openglsetting\release\openglsetting.res
c:\users\thebe\onedrive\documenti\visual studio 2022\projects\openglsetting\openglsetting\release\openglsetting.ipdb
c:\users\thebe\onedrive\documenti\visual studio 2022\projects\openglsetting\openglsetting\release\openglsetting.iobj
c:\users\thebe\onedrive\documenti\visual studio 2022\projects\openglsetting\openglsetting\release\openglsetting.tlog\cl.command.1.tlog
c:\users\thebe\onedrive\documenti\visual studio 2022\projects\openglsetting\openglsetting\release\openglsetting.tlog\cl.items.tlog
c:\users\thebe\onedrive\documenti\visual studio 2022\projects\openglsetting\openglsetting\release\openglsetting.tlog\cl.read.1.tlog
c:\users\thebe\onedrive\documenti\visual studio 2022\projects\openglsetting\openglsetting\release\openglsetting.tlog\cl.write.1.tlog
c:\users\thebe\onedrive\documenti\visual studio 2022\projects\openglsetting\openglsetting\release\openglsetting.tlog\link.command.1.tlog
c:\users\thebe\onedrive\documenti\visual studio 2022\projects\openglsetting\openglsetting\release\openglsetting.tlog\link.read.1.tlog
c:\users\thebe\onedrive\documenti\visual studio 2022\projects\openglsetting\openglsetting\release\openglsetting.tlog\link.secondary.1.tlog
c:\users\thebe\onedrive\documenti\visual studio 2022\projects\openglsetting\openglsetting\release\openglsetting.tlog\link.write.1.tlog
c:\users\thebe\onedrive\documenti\visual studio 2022\projects\openglsetting\openglsetting\release\openglsetting.tlog\rc.command.1.tlog
c:\users\thebe\onedrive\documenti\visual studio 2022\projects\openglsetting\openglsetting\release\openglsetting.tlog\rc.read.1.tlog
c:\users\thebe\onedrive\documenti\visual studio 2022\projects\openglsetting\openglsetting\release\openglsetting.tlog\rc.write.1.tlog
